Release 13.2 Xflow O.61xd (nt)
Copyright (c) 1995-2011 Xilinx, Inc.  All rights reserved.
xflow.exe -wd implementation -p xc5vlx110tff1136-1 -implement xflow.opt
system.ngc  
PMSPEC -- Overriding Xilinx file
<C:/Xilinx/13.2/ISE_DS/EDK/virtex5/data/virtex5.acd> with local file
<C:/Xilinx/13.2/ISE_DS/ISE/virtex5/data/virtex5.acd>

Using Flow File:
G:/StudyFolder/MTP/MAIN/EDK_work/Design1/matmult_raw/implementation/fpga.flw 
Using Option File(s): 
 G:/StudyFolder/MTP/MAIN/EDK_work/Design1/matmult_raw/implementation/xflow.opt 

Creating Script File ... 

#----------------------------------------------#
# Starting program ngdbuild
# ngdbuild -p xc5vlx110tff1136-1 -nt timestamp -bm system.bmm
"G:/StudyFolder/MTP/MAIN/EDK_work/Design1/matmult_raw/implementation/system.ngc"
-uc system.ucf system.ngd 
#----------------------------------------------#
Release 13.2 - ngdbuild O.61xd (nt)
Copyright (c) 1995-2011 Xilinx, Inc.  All rights reserved.
PMSPEC -- Overriding Xilinx file
<C:/Xilinx/13.2/ISE_DS/EDK/virtex5/data/virtex5.acd> with local file
<C:/Xilinx/13.2/ISE_DS/ISE/virtex5/data/virtex5.acd>

Command Line: C:\Xilinx\13.2\ISE_DS\ISE\bin\nt\unwrapped\ngdbuild.exe -p
xc5vlx110tff1136-1 -nt timestamp -bm system.bmm
G:/StudyFolder/MTP/MAIN/EDK_work/Design1/matmult_raw/implementation/system.ngc
-uc system.ucf system.ngd

Reading NGO file
"G:/StudyFolder/MTP/MAIN/EDK_work/Design1/matmult_raw/implementation/system.ngc"
...
Loading design module
"G:/StudyFolder/MTP/MAIN/EDK_work/Design1/matmult_raw/implementation/microblaze_
0_wrapper.ngc"...
Loading design module
"G:/StudyFolder/MTP/MAIN/EDK_work/Design1/matmult_raw/implementation/mb_plb_wrap
per.ngc"...
Loading design module
"G:/StudyFolder/MTP/MAIN/EDK_work/Design1/matmult_raw/implementation/ilmb_wrappe
r.ngc"...
Loading design module
"G:/StudyFolder/MTP/MAIN/EDK_work/Design1/matmult_raw/implementation/dlmb_wrappe
r.ngc"...
Loading design module
"G:/StudyFolder/MTP/MAIN/EDK_work/Design1/matmult_raw/implementation/dlmb_cntlr_
wrapper.ngc"...
Loading design module
"G:/StudyFolder/MTP/MAIN/EDK_work/Design1/matmult_raw/implementation/ilmb_cntlr_
wrapper.ngc"...
Loading design module
"G:/StudyFolder/MTP/MAIN/EDK_work/Design1/matmult_raw/implementation/lmb_bram_wr
apper.ngc"...
Loading design module
"G:/StudyFolder/MTP/MAIN/EDK_work/Design1/matmult_raw/implementation/rs232_uart_
1_wrapper.ngc"...
Loading design module
"G:/StudyFolder/MTP/MAIN/EDK_work/Design1/matmult_raw/implementation/rs232_uart_
2_wrapper.ngc"...
Loading design module
"G:/StudyFolder/MTP/MAIN/EDK_work/Design1/matmult_raw/implementation/ddr2_sdram_
wrapper.ngc"...
Loading design module
"G:/StudyFolder/MTP/MAIN/EDK_work/Design1/matmult_raw/implementation/clock_gener
ator_0_wrapper.ngc"...
Loading design module
"G:/StudyFolder/MTP/MAIN/EDK_work/Design1/matmult_raw/implementation/mdm_0_wrapp
er.ngc"...
Loading design module
"G:/StudyFolder/MTP/MAIN/EDK_work/Design1/matmult_raw/implementation/proc_sys_re
set_0_wrapper.ngc"...
Loading design module
"G:/StudyFolder/MTP/MAIN/EDK_work/Design1/matmult_raw/implementation/xps_central
_dma_0_wrapper.ngc"...
Loading design module
"G:/StudyFolder/MTP/MAIN/EDK_work/Design1/matmult_raw/implementation/plb_periph_
0_wrapper.ngc"...
Applying constraints in
"G:/StudyFolder/MTP/MAIN/EDK_work/Design1/matmult_raw/implementation/ddr2_sdram_
wrapper.ncf" to module "DDR2_SDRAM"...
Checking Constraint Associations...
Gathering constraint information from source properties...
Done.

Annotating constraints to design from ucf file "system.ucf" ...
Resolving constraint associations...
Checking Constraint Associations...
WARNING:ConstraintSystem - A target design object for the Locate constraint
   '<INST
   /system/EXPANDED/system/DDR2_SDRAM/DDR2_SDRAM\/gen_no_iodelay_grp.gen_instant
   iate_idelayctrls[0].idelayctrl0 LOC = IDELAYCTRL_X0Y6>' could not be found
   and so the Locate constraint will be removed.

WARNING:ConstraintSystem - A target design object for the Locate constraint
   '<INST
   /system/EXPANDED/system/DDR2_SDRAM/DDR2_SDRAM\/gen_no_iodelay_grp.gen_instant
   iate_idelayctrls[1].idelayctrl0 LOC = IDELAYCTRL_X0Y2>' could not be found
   and so the Locate constraint will be removed.

WARNING:ConstraintSystem - A target design object for the Locate constraint
   '<INST
   /system/EXPANDED/system/DDR2_SDRAM/DDR2_SDRAM\/gen_no_iodelay_grp.gen_instant
   iate_idelayctrls[2].idelayctrl0 LOC = IDELAYCTRL_X0Y1>' could not be found
   and so the Locate constraint will be removed.

INFO:ConstraintSystem:178 - TNM 'sys_clk_pin', used in period specification
   'TS_sys_clk_pin', was traced into PLL_ADV instance
   clock_generator_0/PLL0_INST/Using_PLL_ADV.PLL_ADV_inst. The following new TNM
   groups and period specifications were generated at the PLL_ADV output(s): 
   CLKOUT0: <TIMESPEC TS_clock_generator_0_clock_generator_0_SIG_PLL0_CLKOUT0 =
   PERIOD "clock_generator_0_clock_generator_0_SIG_PLL0_CLKOUT0" TS_sys_clk_pin
   * 1.25 PHASE 2 ns HIGH 50%>

INFO:ConstraintSystem:178 - TNM 'sys_clk_pin', used in period specification
   'TS_sys_clk_pin', was traced into PLL_ADV instance
   clock_generator_0/PLL0_INST/Using_PLL_ADV.PLL_ADV_inst. The following new TNM
   groups and period specifications were generated at the PLL_ADV output(s): 
   CLKOUT1: <TIMESPEC TS_clock_generator_0_clock_generator_0_SIG_PLL0_CLKOUT1 =
   PERIOD "clock_generator_0_clock_generator_0_SIG_PLL0_CLKOUT1" TS_sys_clk_pin
   * 1.25 HIGH 50%>

INFO:ConstraintSystem:178 - TNM 'sys_clk_pin', used in period specification
   'TS_sys_clk_pin', was traced into PLL_ADV instance
   clock_generator_0/PLL0_INST/Using_PLL_ADV.PLL_ADV_inst. The following new TNM
   groups and period specifications were generated at the PLL_ADV output(s): 
   CLKOUT2: <TIMESPEC TS_clock_generator_0_clock_generator_0_SIG_PLL0_CLKOUT2 =
   PERIOD "clock_generator_0_clock_generator_0_SIG_PLL0_CLKOUT2" TS_sys_clk_pin
   * 2 HIGH 50%>

INFO:ConstraintSystem:178 - TNM 'sys_clk_pin', used in period specification
   'TS_sys_clk_pin', was traced into PLL_ADV instance
   clock_generator_0/PLL0_INST/Using_PLL_ADV.PLL_ADV_inst. The following new TNM
   groups and period specifications were generated at the PLL_ADV output(s): 
   CLKOUT3: <TIMESPEC TS_clock_generator_0_clock_generator_0_SIG_PLL0_CLKOUT3 =
   PERIOD "clock_generator_0_clock_generator_0_SIG_PLL0_CLKOUT3" TS_sys_clk_pin
   * 0.625 HIGH 50%>

WARNING:NgdBuild:1012 - The constraint <INST
   /system/EXPANDED/system/DDR2_SDRAM/DDR2_SDRAM\/gen_no_iodelay_grp.gen_instant
   iate_idelayctrls[0].idelayctrl0 LOC = IDELAYCTRL_X0Y6> is overridden on the
   design object
   DDR2_SDRAM/DDR2_SDRAM/gen_no_iodelay_grp.gen_instantiate_idelayctrls[0].idela
   yctrl0 by the constraint <INST
   "DDR2_SDRAM/DDR2_SDRAM/gen_no_iodelay_grp.gen_instantiate_idelayctrls[0].idel
   ayctrl0" LOC = IDELAYCTRL_X0Y6;> [system.ucf(189)].
WARNING:NgdBuild:1012 - The constraint <INST
   /system/EXPANDED/system/DDR2_SDRAM/DDR2_SDRAM\/gen_no_iodelay_grp.gen_instant
   iate_idelayctrls[1].idelayctrl0 LOC = IDELAYCTRL_X0Y2> is overridden on the
   design object
   DDR2_SDRAM/DDR2_SDRAM/gen_no_iodelay_grp.gen_instantiate_idelayctrls[1].idela
   yctrl0 by the constraint <INST
   "DDR2_SDRAM/DDR2_SDRAM/gen_no_iodelay_grp.gen_instantiate_idelayctrls[1].idel
   ayctrl0" LOC = IDELAYCTRL_X0Y2;> [system.ucf(188)].
WARNING:NgdBuild:1012 - The constraint <INST
   /system/EXPANDED/system/DDR2_SDRAM/DDR2_SDRAM\/gen_no_iodelay_grp.gen_instant
   iate_idelayctrls[2].idelayctrl0 LOC = IDELAYCTRL_X0Y1> is overridden on the
   design object
   DDR2_SDRAM/DDR2_SDRAM/gen_no_iodelay_grp.gen_instantiate_idelayctrls[2].idela
   yctrl0 by the constraint <INST
   "DDR2_SDRAM/DDR2_SDRAM/gen_no_iodelay_grp.gen_instantiate_idelayctrls[2].idel
   ayctrl0" LOC = IDELAYCTRL_X0Y1;> [system.ucf(190)].
Done...

Processing BMM file "system.bmm" ...

Checking expanded design ...
WARNING:NgdBuild:443 - SFF primitive
   'DDR2_SDRAM/DDR2_SDRAM/mpmc_core_0/gen_v5_ddr2_phy.mpmc_phy_if_0/u_phy_io_0/u
   _phy_calib_0/gen_rden[1].u_calib_rden_r' has unconnected output pin
WARNING:NgdBuild:443 - SFF primitive
   'DDR2_SDRAM/DDR2_SDRAM/mpmc_core_0/gen_v5_ddr2_phy.mpmc_phy_if_0/u_phy_io_0/u
   _phy_calib_0/gen_rden[2].u_calib_rden_r' has unconnected output pin
WARNING:NgdBuild:443 - SFF primitive
   'DDR2_SDRAM/DDR2_SDRAM/mpmc_core_0/gen_v5_ddr2_phy.mpmc_phy_if_0/u_phy_io_0/u
   _phy_calib_0/gen_rden[3].u_calib_rden_r' has unconnected output pin
WARNING:NgdBuild:443 - SFF primitive
   'DDR2_SDRAM/DDR2_SDRAM/mpmc_core_0/gen_v5_ddr2_phy.mpmc_phy_if_0/u_phy_io_0/u
   _phy_calib_0/gen_rden[4].u_calib_rden_r' has unconnected output pin
WARNING:NgdBuild:443 - SFF primitive
   'DDR2_SDRAM/DDR2_SDRAM/mpmc_core_0/gen_v5_ddr2_phy.mpmc_phy_if_0/u_phy_io_0/u
   _phy_calib_0/gen_rden[5].u_calib_rden_r' has unconnected output pin
WARNING:NgdBuild:443 - SFF primitive
   'DDR2_SDRAM/DDR2_SDRAM/mpmc_core_0/gen_v5_ddr2_phy.mpmc_phy_if_0/u_phy_io_0/u
   _phy_calib_0/gen_rden[6].u_calib_rden_r' has unconnected output pin
WARNING:NgdBuild:443 - SFF primitive
   'DDR2_SDRAM/DDR2_SDRAM/mpmc_core_0/gen_v5_ddr2_phy.mpmc_phy_if_0/u_phy_io_0/u
   _phy_calib_0/gen_rden[7].u_calib_rden_r' has unconnected output pin
WARNING:NgdBuild:486 - Attribute "INIT_FILE" is not allowed on symbol
   "DDR2_SDRAM/mpmc_core_0/gen_paths.mpmc_data_path_0/gen_read_fifos[0].gen_fifo
   s.mpmc_read_fifo_0/gen_fifos_bram.mpmc_bram_fifo_0/gen_brams_normal.gen_v4.ge
   n_brams[3].bram" of type "RAMB16".  This attribute will be ignored.
WARNING:NgdBuild:486 - Attribute "INIT_FILE" is not allowed on symbol
   "DDR2_SDRAM/mpmc_core_0/gen_paths.mpmc_data_path_0/gen_read_fifos[0].gen_fifo
   s.mpmc_read_fifo_0/gen_fifos_bram.mpmc_bram_fifo_0/gen_brams_normal.gen_v4.ge
   n_brams[2].bram" of type "RAMB16".  This attribute will be ignored.
WARNING:NgdBuild:486 - Attribute "INIT_FILE" is not allowed on symbol
   "DDR2_SDRAM/mpmc_core_0/gen_paths.mpmc_data_path_0/gen_read_fifos[0].gen_fifo
   s.mpmc_read_fifo_0/gen_fifos_bram.mpmc_bram_fifo_0/gen_brams_normal.gen_v4.ge
   n_brams[1].bram" of type "RAMB16".  This attribute will be ignored.
WARNING:NgdBuild:486 - Attribute "INIT_FILE" is not allowed on symbol
   "DDR2_SDRAM/mpmc_core_0/gen_paths.mpmc_data_path_0/gen_read_fifos[0].gen_fifo
   s.mpmc_read_fifo_0/gen_fifos_bram.mpmc_bram_fifo_0/gen_brams_normal.gen_v4.ge
   n_brams[0].bram" of type "RAMB16".  This attribute will be ignored.
WARNING:NgdBuild:486 - Attribute "INIT_FILE" is not allowed on symbol
   "DDR2_SDRAM/mpmc_core_0/gen_paths.mpmc_data_path_0/gen_write_fifos[0].gen_fif
   os.mpmc_write_fifo_0/gen_fifo_bram.mpmc_bram_fifo_0/gen_brams_normal.gen_v4.g
   en_brams[3].bram" of type "RAMB16".  This attribute will be ignored.
WARNING:NgdBuild:486 - Attribute "INIT_FILE" is not allowed on symbol
   "DDR2_SDRAM/mpmc_core_0/gen_paths.mpmc_data_path_0/gen_write_fifos[0].gen_fif
   os.mpmc_write_fifo_0/gen_fifo_bram.mpmc_bram_fifo_0/gen_brams_normal.gen_v4.g
   en_brams[2].bram" of type "RAMB16".  This attribute will be ignored.
WARNING:NgdBuild:486 - Attribute "INIT_FILE" is not allowed on symbol
   "DDR2_SDRAM/mpmc_core_0/gen_paths.mpmc_data_path_0/gen_write_fifos[0].gen_fif
   os.mpmc_write_fifo_0/gen_fifo_bram.mpmc_bram_fifo_0/gen_brams_normal.gen_v4.g
   en_brams[1].bram" of type "RAMB16".  This attribute will be ignored.
WARNING:NgdBuild:486 - Attribute "INIT_FILE" is not allowed on symbol
   "DDR2_SDRAM/mpmc_core_0/gen_paths.mpmc_data_path_0/gen_write_fifos[0].gen_fif
   os.mpmc_write_fifo_0/gen_fifo_bram.mpmc_bram_fifo_0/gen_brams_normal.gen_v4.g
   en_brams[0].bram" of type "RAMB16".  This attribute will be ignored.
WARNING:NgdBuild:443 - SFF primitive
   'plb_periph_0/plb_periph_0/PLBV46_SLAVE_BURST_I/I_SLAVE_ATTACHMENT/I_STEER_AD
   DRESS_COUNTER/GEN_FOR_SHARED.GEN_S_H_SIZE_REG[0].I_SIZE_S_H_REG' has
   unconnected output pin
WARNING:NgdBuild:443 - SFF primitive
   'plb_periph_0/plb_periph_0/PLBV46_SLAVE_BURST_I/I_SLAVE_ATTACHMENT/I_BUS_ADDR
   ESS_COUNTER/GEN_FOR_SHARED.GEN_S_H_SIZE_REG[0].I_SIZE_S_H_REG' has
   unconnected output pin
WARNING:NgdBuild:443 - SFF primitive
   'plb_periph_0/plb_periph_0/PLBV46_SLAVE_BURST_I/I_SLAVE_ATTACHMENT/I_BUS_ADDR
   ESS_COUNTER/I_FLEX_ADDR_CNTR/LDMUX_FDRSE_0to3[3].I_FDRSE_BE0to3' has
   unconnected output pin
WARNING:NgdBuild:443 - SFF primitive
   'plb_periph_0/plb_periph_0/PLBV46_SLAVE_BURST_I/I_SLAVE_ATTACHMENT/I_BUS_ADDR
   ESS_COUNTER/I_FLEX_ADDR_CNTR/LDMUX_FDRSE_0to3[2].I_FDRSE_BE0to3' has
   unconnected output pin
WARNING:NgdBuild:443 - SFF primitive
   'plb_periph_0/plb_periph_0/PLBV46_SLAVE_BURST_I/I_SLAVE_ATTACHMENT/I_BUS_ADDR
   ESS_COUNTER/I_FLEX_ADDR_CNTR/LDMUX_FDRSE_0to3[1].I_FDRSE_BE0to3' has
   unconnected output pin
WARNING:NgdBuild:443 - SFF primitive
   'plb_periph_0/plb_periph_0/PLBV46_SLAVE_BURST_I/I_SLAVE_ATTACHMENT/I_BUS_ADDR
   ESS_COUNTER/I_FLEX_ADDR_CNTR/LDMUX_FDRSE_0to3[0].I_FDRSE_BE0to3' has
   unconnected output pin
WARNING:NgdBuild:443 - SFF primitive
   'plb_periph_0/plb_periph_0/PLBV46_SLAVE_BURST_I/I_SLAVE_ATTACHMENT/I_BURST_SU
   PPORT/CONTROL_DBEAT_CNTR_I/STRUCTURAL_A_GEN.I_ADDSUB_GEN[6].FDRE_I' has
   unconnected output pin
WARNING:NgdBuild:443 - SFF primitive
   'plb_periph_0/plb_periph_0/PLBV46_SLAVE_BURST_I/I_SLAVE_ATTACHMENT/I_BURST_SU
   PPORT/RESPONSE_DBEAT_CNTR_I/STRUCTURAL_A_GEN.I_ADDSUB_GEN[6].FDRE_I' has
   unconnected output pin
WARNING:NgdBuild:443 - SFF primitive
   'plb_periph_0/plb_periph_0/PLBV46_SLAVE_BURST_I/I_SLAVE_ATTACHMENT/I_DECODER/
   GEN_CE_FOR_SHARED.GEN_BKEND_CE_REGISTERS[3].I_BKEND_RDCE_REG' has unconnected
   output pin
WARNING:NgdBuild:443 - SFF primitive
   'plb_periph_0/plb_periph_0/PLBV46_SLAVE_BURST_I/I_SLAVE_ATTACHMENT/I_DECODER/
   GEN_CE_FOR_SHARED.GEN_BKEND_CE_REGISTERS[3].I_BKEND_WRCE_REG' has unconnected
   output pin
WARNING:NgdBuild:443 - SFF primitive
   'plb_periph_0/plb_periph_0/PLBV46_SLAVE_BURST_I/I_SLAVE_ATTACHMENT/I_DECODER/
   GEN_CE_FOR_SHARED.GEN_BKEND_CE_REGISTERS[4].I_BKEND_RDCE_REG' has unconnected
   output pin
WARNING:NgdBuild:443 - SFF primitive
   'plb_periph_0/plb_periph_0/PLBV46_SLAVE_BURST_I/I_SLAVE_ATTACHMENT/I_DECODER/
   GEN_CE_FOR_SHARED.GEN_BKEND_CE_REGISTERS[4].I_BKEND_WRCE_REG' has unconnected
   output pin
WARNING:NgdBuild:443 - SFF primitive
   'plb_periph_0/plb_periph_0/PLBV46_SLAVE_BURST_I/I_SLAVE_ATTACHMENT/I_DECODER/
   GEN_CE_FOR_SHARED.GEN_BKEND_CE_REGISTERS[5].I_BKEND_RDCE_REG' has unconnected
   output pin
WARNING:NgdBuild:443 - SFF primitive
   'plb_periph_0/plb_periph_0/PLBV46_SLAVE_BURST_I/I_SLAVE_ATTACHMENT/I_DECODER/
   GEN_CE_FOR_SHARED.GEN_BKEND_CE_REGISTERS[5].I_BKEND_WRCE_REG' has unconnected
   output pin
WARNING:NgdBuild:443 - SFF primitive
   'plb_periph_0/plb_periph_0/PLBV46_SLAVE_BURST_I/I_SLAVE_ATTACHMENT/GEN_WRITE_
   BUFFER.GEN_WRBUF_WREN2' has unconnected output pin
WARNING:NgdBuild:452 - logical net 'N100' has no driver
WARNING:NgdBuild:452 - logical net 'N101' has no driver
WARNING:NgdBuild:452 - logical net 'N102' has no driver
WARNING:NgdBuild:452 - logical net 'N103' has no driver
WARNING:NgdBuild:452 - logical net 'N104' has no driver
WARNING:NgdBuild:452 - logical net 'N105' has no driver
WARNING:NgdBuild:452 - logical net 'N106' has no driver
WARNING:NgdBuild:452 - logical net 'N107' has no driver
WARNING:NgdBuild:452 - logical net 'N108' has no driver
WARNING:NgdBuild:452 - logical net 'N109' has no driver
WARNING:NgdBuild:452 - logical net 'N110' has no driver
WARNING:NgdBuild:452 - logical net 'N111' has no driver
WARNING:NgdBuild:452 - logical net 'N112' has no driver
WARNING:NgdBuild:452 - logical net 'N113' has no driver
WARNING:NgdBuild:452 - logical net 'N114' has no driver
WARNING:NgdBuild:452 - logical net 'N115' has no driver
WARNING:NgdBuild:452 - logical net 'N116' has no driver
WARNING:NgdBuild:452 - logical net 'N117' has no driver
WARNING:NgdBuild:452 - logical net 'N118' has no driver
WARNING:NgdBuild:452 - logical net 'N119' has no driver
WARNING:NgdBuild:452 - logical net 'N120' has no driver
WARNING:NgdBuild:452 - logical net 'N121' has no driver
WARNING:NgdBuild:452 - logical net 'N122' has no driver
WARNING:NgdBuild:452 - logical net 'N123' has no driver
WARNING:NgdBuild:452 - logical net 'N124' has no driver
WARNING:NgdBuild:452 - logical net 'N125' has no driver
WARNING:NgdBuild:452 - logical net 'N126' has no driver
WARNING:NgdBuild:452 - logical net 'N127' has no driver
WARNING:NgdBuild:452 - logical net 'N128' has no driver
WARNING:NgdBuild:452 - logical net 'N129' has no driver
WARNING:NgdBuild:452 - logical net 'N130' has no driver
WARNING:NgdBuild:452 - logical net 'N131' has no driver
WARNING:NgdBuild:452 - logical net 'N132' has no driver
WARNING:NgdBuild:452 - logical net 'N133' has no driver
WARNING:NgdBuild:452 - logical net 'N134' has no driver
WARNING:NgdBuild:452 - logical net 'N135' has no driver
WARNING:NgdBuild:452 - logical net 'N136' has no driver
WARNING:NgdBuild:452 - logical net 'N137' has no driver
WARNING:NgdBuild:452 - logical net 'N138' has no driver
WARNING:NgdBuild:452 - logical net 'N139' has no driver
WARNING:NgdBuild:452 - logical net 'N140' has no driver
WARNING:NgdBuild:452 - logical net 'N141' has no driver
WARNING:NgdBuild:452 - logical net 'N142' has no driver
WARNING:NgdBuild:452 - logical net 'N143' has no driver
WARNING:NgdBuild:452 - logical net 'N144' has no driver
WARNING:NgdBuild:452 - logical net 'N145' has no driver
WARNING:NgdBuild:452 - logical net 'N146' has no driver
WARNING:NgdBuild:452 - logical net 'N147' has no driver
WARNING:NgdBuild:452 - logical net 'N148' has no driver
WARNING:NgdBuild:452 - logical net 'N149' has no driver
WARNING:NgdBuild:452 - logical net 'N150' has no driver
WARNING:NgdBuild:452 - logical net 'N151' has no driver
WARNING:NgdBuild:452 - logical net 'N152' has no driver
WARNING:NgdBuild:452 - logical net 'N153' has no driver
WARNING:NgdBuild:452 - logical net 'N154' has no driver
WARNING:NgdBuild:452 - logical net 'N155' has no driver
WARNING:NgdBuild:452 - logical net 'N156' has no driver
WARNING:NgdBuild:452 - logical net 'N157' has no driver
WARNING:NgdBuild:452 - logical net 'N158' has no driver
WARNING:NgdBuild:452 - logical net 'N159' has no driver
WARNING:NgdBuild:452 - logical net 'N160' has no driver
WARNING:NgdBuild:452 - logical net 'N161' has no driver
WARNING:NgdBuild:452 - logical net 'N82' has no driver
WARNING:NgdBuild:452 - logical net 'N83' has no driver
WARNING:NgdBuild:452 - logical net 'N84' has no driver
WARNING:NgdBuild:452 - logical net 'N85' has no driver
WARNING:NgdBuild:452 - logical net 'N86' has no driver
WARNING:NgdBuild:452 - logical net 'N87' has no driver
WARNING:NgdBuild:452 - logical net 'N88' has no driver
WARNING:NgdBuild:452 - logical net 'N89' has no driver
WARNING:NgdBuild:452 - logical net 'N90' has no driver
WARNING:NgdBuild:452 - logical net 'N91' has no driver
WARNING:NgdBuild:452 - logical net 'N92' has no driver
WARNING:NgdBuild:452 - logical net 'N93' has no driver
WARNING:NgdBuild:452 - logical net 'N94' has no driver
WARNING:NgdBuild:452 - logical net 'N95' has no driver
WARNING:NgdBuild:452 - logical net 'N96' has no driver
WARNING:NgdBuild:452 - logical net 'N97' has no driver
WARNING:NgdBuild:452 - logical net 'N98' has no driver
WARNING:NgdBuild:452 - logical net 'N99' has no driver

Partition Implementation Status
-------------------------------

  No Partitions were found in this design.

-------------------------------

NGDBUILD Design Results Summary:
  Number of errors:     0
  Number of warnings: 116

Writing NGD file "system.ngd" ...
Total REAL time to NGDBUILD completion:  42 sec
Total CPU time to NGDBUILD completion:   41 sec

Writing NGDBUILD log file "system.bld"...

NGDBUILD done.



#----------------------------------------------#
# Starting program map
# map -o system_map.ncd -w -pr b -ol high -timing -detail system.ngd system.pcf 
#----------------------------------------------#
Release 13.2 - Map O.61xd (nt)
Copyright (c) 1995-2011 Xilinx, Inc.  All rights reserved.
PMSPEC -- Overriding Xilinx file
<C:/Xilinx/13.2/ISE_DS/EDK/data/Xdh_PrimTypeLib.xda> with local file
<C:/Xilinx/13.2/ISE_DS/ISE/data/Xdh_PrimTypeLib.xda>
Using target part "5vlx110tff1136-1".
vvvvvvvvvvvvvvvvvvvvvvvvvvvvvvvvvvvvvvvvvvvvvvvvvvvvvvvvvvvvvvvvvvvvvv
INFO:Security:51 - The XILINXD_LICENSE_FILE environment variable is not set.
INFO:Security:52 - The LM_LICENSE_FILE environment variable is set to
'27002@10.107.90.12;27000@10.107.90.15'.
INFO:Security:56 - Part 'xc5vlx110t' is not a WebPack part.
WARNING:Security:43 - No license file was found in the standard Xilinx license
directory.
WARNING:Security:44 - No license file was found.
       Please run the Xilinx License Configuration Manager
       (xlcm or "Manage Xilinx Licenses")
       to assist in obtaining a license.
WARNING:Security:42 - Your software subscription period has lapsed. Your current
version of Xilinx tools will continue to function, but you no longer qualify for
Xilinx software updates or new releases.
----------------------------------------------------------------------
Mapping design into LUTs...
Writing file system_map.ngm...
WARNING:Pack:2874 - Trimming timing constraints from pin
   lmb_bram/lmb_bram/ramb36_0
   of frag REGCLKAU connected to power/ground net
   lmb_bram/lmb_bram/ramb36_0_REGCLKAU_tiesig
WARNING:Pack:2874 - Trimming timing constraints from pin
   lmb_bram/lmb_bram/ramb36_0
   of frag REGCLKAL connected to power/ground net
   lmb_bram/lmb_bram/ramb36_0_REGCLKAL_tiesig
WARNING:Pack:2874 - Trimming timing constraints from pin
   lmb_bram/lmb_bram/ramb36_0
   of frag REGCLKBU connected to power/ground net
   lmb_bram/lmb_bram/ramb36_0_REGCLKBU_tiesig
WARNING:Pack:2874 - Trimming timing constraints from pin
   lmb_bram/lmb_bram/ramb36_0
   of frag REGCLKBL connected to power/ground net
   lmb_bram/lmb_bram/ramb36_0_REGCLKBL_tiesig
WARNING:Pack:2874 - Trimming timing constraints from pin
   lmb_bram/lmb_bram/ramb36_1
   of frag REGCLKAU connected to power/ground net
   lmb_bram/lmb_bram/ramb36_1_REGCLKAU_tiesig
WARNING:Pack:2874 - Trimming timing constraints from pin
   lmb_bram/lmb_bram/ramb36_1
   of frag REGCLKAL connected to power/ground net
   lmb_bram/lmb_bram/ramb36_1_REGCLKAL_tiesig
WARNING:Pack:2874 - Trimming timing constraints from pin
   lmb_bram/lmb_bram/ramb36_1
   of frag REGCLKBU connected to power/ground net
   lmb_bram/lmb_bram/ramb36_1_REGCLKBU_tiesig
WARNING:Pack:2874 - Trimming timing constraints from pin
   lmb_bram/lmb_bram/ramb36_1
   of frag REGCLKBL connected to power/ground net
   lmb_bram/lmb_bram/ramb36_1_REGCLKBL_tiesig
WARNING:Pack:2874 - Trimming timing constraints from pin
   lmb_bram/lmb_bram/ramb36_2
   of frag REGCLKAU connected to power/ground net
   lmb_bram/lmb_bram/ramb36_2_REGCLKAU_tiesig
WARNING:Pack:2874 - Trimming timing constraints from pin
   lmb_bram/lmb_bram/ramb36_2
   of frag REGCLKAL connected to power/ground net
   lmb_bram/lmb_bram/ramb36_2_REGCLKAL_tiesig
WARNING:Pack:2874 - Trimming timing constraints from pin
   lmb_bram/lmb_bram/ramb36_2
   of frag REGCLKBU connected to power/ground net
   lmb_bram/lmb_bram/ramb36_2_REGCLKBU_tiesig
WARNING:Pack:2874 - Trimming timing constraints from pin
   lmb_bram/lmb_bram/ramb36_2
   of frag REGCLKBL connected to power/ground net
   lmb_bram/lmb_bram/ramb36_2_REGCLKBL_tiesig
WARNING:Pack:2874 - Trimming timing constraints from pin
   lmb_bram/lmb_bram/ramb36_3
   of frag REGCLKAU connected to power/ground net
   lmb_bram/lmb_bram/ramb36_3_REGCLKAU_tiesig
WARNING:Pack:2874 - Trimming timing constraints from pin
   lmb_bram/lmb_bram/ramb36_3
   of frag REGCLKAL connected to power/ground net
   lmb_bram/lmb_bram/ramb36_3_REGCLKAL_tiesig
WARNING:Pack:2874 - Trimming timing constraints from pin
   lmb_bram/lmb_bram/ramb36_3
   of frag REGCLKBU connected to power/ground net
   lmb_bram/lmb_bram/ramb36_3_REGCLKBU_tiesig
WARNING:Pack:2874 - Trimming timing constraints from pin
   lmb_bram/lmb_bram/ramb36_3
   of frag REGCLKBL connected to power/ground net
   lmb_bram/lmb_bram/ramb36_3_REGCLKBL_tiesig
WARNING:Pack:2874 - Trimming timing constraints from pin
   lmb_bram/lmb_bram/ramb36_4
   of frag REGCLKAU connected to power/ground net
   lmb_bram/lmb_bram/ramb36_4_REGCLKAU_tiesig
WARNING:Pack:2874 - Trimming timing constraints from pin
   lmb_bram/lmb_bram/ramb36_4
   of frag REGCLKAL connected to power/ground net
   lmb_bram/lmb_bram/ramb36_4_REGCLKAL_tiesig
WARNING:Pack:2874 - Trimming timing constraints from pin
   lmb_bram/lmb_bram/ramb36_4
   of frag REGCLKBU connected to power/ground net
   lmb_bram/lmb_bram/ramb36_4_REGCLKBU_tiesig
WARNING:Pack:2874 - Trimming timing constraints from pin
   lmb_bram/lmb_bram/ramb36_4
   of frag REGCLKBL connected to power/ground net
   lmb_bram/lmb_bram/ramb36_4_REGCLKBL_tiesig
WARNING:Pack:2874 - Trimming timing constraints from pin
   lmb_bram/lmb_bram/ramb36_5
   of frag REGCLKAU connected to power/ground net
   lmb_bram/lmb_bram/ramb36_5_REGCLKAU_tiesig
WARNING:Pack:2874 - Trimming timing constraints from pin
   lmb_bram/lmb_bram/ramb36_5
   of frag REGCLKAL connected to power/ground net
   lmb_bram/lmb_bram/ramb36_5_REGCLKAL_tiesig
WARNING:Pack:2874 - Trimming timing constraints from pin
   lmb_bram/lmb_bram/ramb36_5
   of frag REGCLKBU connected to power/ground net
   lmb_bram/lmb_bram/ramb36_5_REGCLKBU_tiesig
WARNING:Pack:2874 - Trimming timing constraints from pin
   lmb_bram/lmb_bram/ramb36_5
   of frag REGCLKBL connected to power/ground net
   lmb_bram/lmb_bram/ramb36_5_REGCLKBL_tiesig
WARNING:Pack:2874 - Trimming timing constraints from pin
   lmb_bram/lmb_bram/ramb36_6
   of frag REGCLKAU connected to power/ground net
   lmb_bram/lmb_bram/ramb36_6_REGCLKAU_tiesig
WARNING:Pack:2874 - Trimming timing constraints from pin
   lmb_bram/lmb_bram/ramb36_6
   of frag REGCLKAL connected to power/ground net
   lmb_bram/lmb_bram/ramb36_6_REGCLKAL_tiesig
WARNING:Pack:2874 - Trimming timing constraints from pin
   lmb_bram/lmb_bram/ramb36_6
   of frag REGCLKBU connected to power/ground net
   lmb_bram/lmb_bram/ramb36_6_REGCLKBU_tiesig
WARNING:Pack:2874 - Trimming timing constraints from pin
   lmb_bram/lmb_bram/ramb36_6
   of frag REGCLKBL connected to power/ground net
   lmb_bram/lmb_bram/ramb36_6_REGCLKBL_tiesig
WARNING:Pack:2874 - Trimming timing constraints from pin
   lmb_bram/lmb_bram/ramb36_7
   of frag REGCLKAU connected to power/ground net
   lmb_bram/lmb_bram/ramb36_7_REGCLKAU_tiesig
WARNING:Pack:2874 - Trimming timing constraints from pin
   lmb_bram/lmb_bram/ramb36_7
   of frag REGCLKAL connected to power/ground net
   lmb_bram/lmb_bram/ramb36_7_REGCLKAL_tiesig
WARNING:Pack:2874 - Trimming timing constraints from pin
   lmb_bram/lmb_bram/ramb36_7
   of frag REGCLKBU connected to power/ground net
   lmb_bram/lmb_bram/ramb36_7_REGCLKBU_tiesig
WARNING:Pack:2874 - Trimming timing constraints from pin
   lmb_bram/lmb_bram/ramb36_7
   of frag REGCLKBL connected to power/ground net
   lmb_bram/lmb_bram/ramb36_7_REGCLKBL_tiesig
WARNING:Pack:2874 - Trimming timing constraints from pin
   plb_periph_0/plb_periph_0/USER_LOGIC_I/Mram_mem0
   of frag REGCLKAU connected to power/ground net
   plb_periph_0/plb_periph_0/USER_LOGIC_I/Mram_mem0_REGCLKAU_tiesig
WARNING:Pack:2874 - Trimming timing constraints from pin
   plb_periph_0/plb_periph_0/USER_LOGIC_I/Mram_mem0
   of frag REGCLKAL connected to power/ground net
   plb_periph_0/plb_periph_0/USER_LOGIC_I/Mram_mem0_REGCLKAL_tiesig
WARNING:Pack:2874 - Trimming timing constraints from pin
   plb_periph_0/plb_periph_0/USER_LOGIC_I/Mram_mem0
   of frag REGCLKBU connected to power/ground net
   plb_periph_0/plb_periph_0/USER_LOGIC_I/Mram_mem0_REGCLKBU_tiesig
WARNING:Pack:2874 - Trimming timing constraints from pin
   plb_periph_0/plb_periph_0/USER_LOGIC_I/Mram_mem0
   of frag REGCLKBL connected to power/ground net
   plb_periph_0/plb_periph_0/USER_LOGIC_I/Mram_mem0_REGCLKBL_tiesig
Running directed packing...
Running delay-based LUT packing...
Updating timing models...
INFO:Map:215 - The Interim Design Summary has been generated in the MAP Report
   (.mrp).
Running timing-driven placement...
Total REAL time at the beginning of Placer: 46 secs 
Total CPU  time at the beginning of Placer: 43 secs 

Phase 1.1  Initial Placement Analysis
Phase 1.1  Initial Placement Analysis (Checksum:ee94478e) REAL time: 51 secs 

Phase 2.7  Design Feasibility Check
Phase 2.7  Design Feasibility Check (Checksum:ee94478e) REAL time: 51 secs 

Phase 3.31  Local Placement Optimization
Phase 3.31  Local Placement Optimization (Checksum:49d2ca2b) REAL time: 51 secs 

Phase 4.37  Local Placement Optimization
Phase 4.37  Local Placement Optimization (Checksum:34fe43d1) REAL time: 51 secs 

Phase 5.33  Local Placement Optimization
Phase 5.33  Local Placement Optimization (Checksum:34fe43d1) REAL time: 1 mins 24 secs 

Phase 6.32  Local Placement Optimization
Phase 6.32  Local Placement Optimization (Checksum:34fe43d1) REAL time: 1 mins 25 secs 

Phase 7.2  Initial Clock and IO Placement



There are 16 clock regions on the target FPGA device:
|------------------------------------------|------------------------------------------|
| CLOCKREGION_X0Y7:                        | CLOCKREGION_X1Y7:                        |
|   2 BUFRs available, 0 in use            |   2 BUFRs available, 0 in use            |
|   4 Regional Clock Spines, 0 in use      |   4 Regional Clock Spines, 0 in use      |
|   4 edge BUFIOs available, 0 in use      |   4 edge BUFIOs available, 0 in use      |
|   4 center BUFIOs available, 0 in use    |   0 center BUFIOs available, 0 in use    |
|                                          |                                          |
|------------------------------------------|------------------------------------------|
| CLOCKREGION_X0Y6:                        | CLOCKREGION_X1Y6:                        |
|   2 BUFRs available, 0 in use            |   2 BUFRs available, 0 in use            |
|   4 Regional Clock Spines, 0 in use      |   4 Regional Clock Spines, 0 in use      |
|   4 edge BUFIOs available, 3 in use      |   4 edge BUFIOs available, 0 in use      |
|   0 center BUFIOs available, 0 in use    |   0 center BUFIOs available, 0 in use    |
|                                          |                                          |
|------------------------------------------|------------------------------------------|
| CLOCKREGION_X0Y5:                        | CLOCKREGION_X1Y5:                        |
|   2 BUFRs available, 0 in use            |   2 BUFRs available, 0 in use            |
|   4 Regional Clock Spines, 0 in use      |   4 Regional Clock Spines, 0 in use      |
|   4 edge BUFIOs available, 0 in use      |   4 edge BUFIOs available, 0 in use      |
|   2 center BUFIOs available, 0 in use    |   0 center BUFIOs available, 0 in use    |
|                                          |                                          |
|------------------------------------------|------------------------------------------|
| CLOCKREGION_X0Y4:                        | CLOCKREGION_X1Y4:                        |
|   2 BUFRs available, 0 in use            |   2 BUFRs available, 0 in use            |
|   4 Regional Clock Spines, 0 in use      |   4 Regional Clock Spines, 0 in use      |
|   4 edge BUFIOs available, 0 in use      |   4 edge BUFIOs available, 0 in use      |
|   2 center BUFIOs available, 0 in use    |   0 center BUFIOs available, 0 in use    |
|                                          |                                          |
|------------------------------------------|------------------------------------------|
| CLOCKREGION_X0Y3:                        | CLOCKREGION_X1Y3:                        |
|   2 BUFRs available, 0 in use            |   2 BUFRs available, 0 in use            |
|   4 Regional Clock Spines, 0 in use      |   4 Regional Clock Spines, 0 in use      |
|   4 edge BUFIOs available, 0 in use      |   4 edge BUFIOs available, 0 in use      |
|   2 center BUFIOs available, 0 in use    |   0 center BUFIOs available, 0 in use    |
|                                          |                                          |
|------------------------------------------|------------------------------------------|
| CLOCKREGION_X0Y2:                        | CLOCKREGION_X1Y2:                        |
|   2 BUFRs available, 0 in use            |   2 BUFRs available, 0 in use            |
|   4 Regional Clock Spines, 0 in use      |   4 Regional Clock Spines, 0 in use      |
|   4 edge BUFIOs available, 3 in use      |   4 edge BUFIOs available, 0 in use      |
|   2 center BUFIOs available, 0 in use    |   0 center BUFIOs available, 0 in use    |
|                                          |                                          |
|------------------------------------------|------------------------------------------|
| CLOCKREGION_X0Y1:                        | CLOCKREGION_X1Y1:                        |
|   2 BUFRs available, 0 in use            |   2 BUFRs available, 0 in use            |
|   4 Regional Clock Spines, 0 in use      |   4 Regional Clock Spines, 0 in use      |
|   4 edge BUFIOs available, 2 in use      |   4 edge BUFIOs available, 0 in use      |
|   0 center BUFIOs available, 0 in use    |   0 center BUFIOs available, 0 in use    |
|                                          |                                          |
|------------------------------------------|------------------------------------------|
| CLOCKREGION_X0Y0:                        | CLOCKREGION_X1Y0:                        |
|   2 BUFRs available, 0 in use            |   2 BUFRs available, 0 in use            |
|   4 Regional Clock Spines, 0 in use      |   4 Regional Clock Spines, 0 in use      |
|   4 edge BUFIOs available, 0 in use      |   4 edge BUFIOs available, 0 in use      |
|   4 center BUFIOs available, 0 in use    |   0 center BUFIOs available, 0 in use    |
|                                          |                                          |
|------------------------------------------|------------------------------------------|


Clock-Region: <CLOCKREGION_X0Y1>
  key resource utilizations (used/available): edge-bufios - 2/4; bufrs - 0/2; regional-clock-spines - 0/4
|-----------------------------------------------------------------------------------------------------------------------------------------------------------
|       |    clock    | BRAM |     |    |        |        |       |       |       |      |      |     |      |
|       |    region   | FIFO | DCM | GT | ILOGIC | OLOGIC |   FF  |  LUTM |  LUTL | MULT | EMAC | PPC | PCIe | <- (Types of Resources in Clock Region)
|-------|-------------|------|-----|----|--------|--------|-------|-------|-------|------|------|-----|------|----------------------------------------------
|       | Upper Region|  16  |  2  |  0 |   60   |   60   |  3840 |  2080 |  5600 |   8  |   0  |  0  |   0  | <- Available resources in the upper region
|-------|-------------|------|-----|----|--------|--------|-------|-------|-------|------|------|-----|------|----------------------------------------------
|       |CurrentRegion|  16  |  4  |  0 |   40   |   40   |  3840 |  2080 |  5600 |   8  |   0  |  0  |   0  | <- Available resources in the current region
|-------|-------------|------|-----|----|--------|--------|-------|-------|-------|------|------|-----|------|----------------------------------------------
|       | Lower Region|  16  |  0  |  0 |   80   |   80   |  3840 |  2080 |  5600 |   8  |   0  |  0  |   0  | <- Available resources in the lower region
|-------|-------------|------|-----|----|--------|--------|-------|-------|-------|------|------|-----|------|----------------------------------------------
| clock |    region   |                                                                                      -----------------------------------------------
|  type |  expansion  |                                                                                      | <IO/Regional clock Net Name>
|-------|-------------|------|-----|----|--------|--------|-------|-------|-------|------|------|-----|------|----------------------------------------------
| BUFIO |             |   0  |  0  |  0 |    9   |    0   |     0 |     0 |     0 |   0  |   0  |  0  |   0  | "DDR2_SDRAM/DDR2_SDRAM/mpmc_core_0/gen_v5_ddr2_phy.mpmc_phy_if_0/u_phy_io_0/delayed_dqs<1>"
|-------|-------------|------|-----|----|--------|--------|-------|-------|-------|------|------|-----|------|----------------------------------------------
| BUFIO |             |   0  |  0  |  0 |    9   |    0   |     0 |     0 |     0 |   0  |   0  |  0  |   0  | "DDR2_SDRAM/DDR2_SDRAM/mpmc_core_0/gen_v5_ddr2_phy.mpmc_phy_if_0/u_phy_io_0/delayed_dqs<2>"
|-------|-------------|------|-----|----|--------|--------|-------|-------|-------|------|------|-----|------|----------------------------------------------


Clock-Region: <CLOCKREGION_X0Y2>
  key resource utilizations (used/available): edge-bufios - 3/4; center-bufios - 0/2; bufrs - 0/2; regional-clock-spines - 0/4
|-----------------------------------------------------------------------------------------------------------------------------------------------------------
|       |    clock    | BRAM |     |    |        |        |       |       |       |      |      |     |      |
|       |    region   | FIFO | DCM | GT | ILOGIC | OLOGIC |   FF  |  LUTM |  LUTL | MULT | EMAC | PPC | PCIe | <- (Types of Resources in Clock Region)
|-------|-------------|------|-----|----|--------|--------|-------|-------|-------|------|------|-----|------|----------------------------------------------
|       | Upper Region|  16  |  0  |  0 |   60   |   60   |  3840 |  2080 |  5600 |   8  |   0  |  0  |   0  | <- Available resources in the upper region
|-------|-------------|------|-----|----|--------|--------|-------|-------|-------|------|------|-----|------|----------------------------------------------
|       |CurrentRegion|  16  |  2  |  0 |   60   |   60   |  3840 |  2080 |  5600 |   8  |   0  |  0  |   0  | <- Available resources in the current region
|-------|-------------|------|-----|----|--------|--------|-------|-------|-------|------|------|-----|------|----------------------------------------------
|       | Lower Region|  16  |  4  |  0 |   40   |   40   |  3840 |  2080 |  5600 |   8  |   0  |  0  |   0  | <- Available resources in the lower region
|-------|-------------|------|-----|----|--------|--------|-------|-------|-------|------|------|-----|------|----------------------------------------------
| clock |    region   |                                                                                      -----------------------------------------------
|  type |  expansion  |                                                                                      | <IO/Regional clock Net Name>
|-------|-------------|------|-----|----|--------|--------|-------|-------|-------|------|------|-----|------|----------------------------------------------
| BUFIO |             |   0  |  0  |  0 |    9   |    0   |     0 |     0 |     0 |   0  |   0  |  0  |   0  | "DDR2_SDRAM/DDR2_SDRAM/mpmc_core_0/gen_v5_ddr2_phy.mpmc_phy_if_0/u_phy_io_0/delayed_dqs<0>"
|-------|-------------|------|-----|----|--------|--------|-------|-------|-------|------|------|-----|------|----------------------------------------------
| BUFIO |             |   0  |  0  |  0 |    9   |    0   |     0 |     0 |     0 |   0  |   0  |  0  |   0  | "DDR2_SDRAM/DDR2_SDRAM/mpmc_core_0/gen_v5_ddr2_phy.mpmc_phy_if_0/u_phy_io_0/delayed_dqs<4>"
|-------|-------------|------|-----|----|--------|--------|-------|-------|-------|------|------|-----|------|----------------------------------------------
| BUFIO |             |   0  |  0  |  0 |    9   |    0   |     0 |     0 |     0 |   0  |   0  |  0  |   0  | "DDR2_SDRAM/DDR2_SDRAM/mpmc_core_0/gen_v5_ddr2_phy.mpmc_phy_if_0/u_phy_io_0/delayed_dqs<3>"
|-------|-------------|------|-----|----|--------|--------|-------|-------|-------|------|------|-----|------|----------------------------------------------


Clock-Region: <CLOCKREGION_X0Y6>
  key resource utilizations (used/available): edge-bufios - 3/4; bufrs - 0/2; regional-clock-spines - 0/4
|-----------------------------------------------------------------------------------------------------------------------------------------------------------
|       |    clock    | BRAM |     |    |        |        |       |       |       |      |      |     |      |
|       |    region   | FIFO | DCM | GT | ILOGIC | OLOGIC |   FF  |  LUTM |  LUTL | MULT | EMAC | PPC | PCIe | <- (Types of Resources in Clock Region)
|-------|-------------|------|-----|----|--------|--------|-------|-------|-------|------|------|-----|------|----------------------------------------------
|       | Upper Region|  16  |  0  |  0 |   80   |   80   |  3840 |  2080 |  5600 |   8  |   0  |  0  |   0  | <- Available resources in the upper region
|-------|-------------|------|-----|----|--------|--------|-------|-------|-------|------|------|-----|------|----------------------------------------------
|       |CurrentRegion|  16  |  4  |  0 |   40   |   40   |  3840 |  2080 |  5600 |   8  |   0  |  0  |   0  | <- Available resources in the current region
|-------|-------------|------|-----|----|--------|--------|-------|-------|-------|------|------|-----|------|----------------------------------------------
|       | Lower Region|  16  |  2  |  0 |   60   |   60   |  3840 |  2080 |  5600 |   8  |   0  |  0  |   0  | <- Available resources in the lower region
|-------|-------------|------|-----|----|--------|--------|-------|-------|-------|------|------|-----|------|----------------------------------------------
| clock |    region   |                                                                                      -----------------------------------------------
|  type |  expansion  |                                                                                      | <IO/Regional clock Net Name>
|-------|-------------|------|-----|----|--------|--------|-------|-------|-------|------|------|-----|------|----------------------------------------------
| BUFIO |             |   0  |  0  |  0 |    9   |    0   |     0 |     0 |     0 |   0  |   0  |  0  |   0  | "DDR2_SDRAM/DDR2_SDRAM/mpmc_core_0/gen_v5_ddr2_phy.mpmc_phy_if_0/u_phy_io_0/delayed_dqs<7>"
|-------|-------------|------|-----|----|--------|--------|-------|-------|-------|------|------|-----|------|----------------------------------------------
| BUFIO |             |   0  |  0  |  0 |    9   |    0   |     0 |     0 |     0 |   0  |   0  |  0  |   0  | "DDR2_SDRAM/DDR2_SDRAM/mpmc_core_0/gen_v5_ddr2_phy.mpmc_phy_if_0/u_phy_io_0/delayed_dqs<5>"
|-------|-------------|------|-----|----|--------|--------|-------|-------|-------|------|------|-----|------|----------------------------------------------
| BUFIO |             |   0  |  0  |  0 |    9   |    0   |     0 |     0 |     0 |   0  |   0  |  0  |   0  | "DDR2_SDRAM/DDR2_SDRAM/mpmc_core_0/gen_v5_ddr2_phy.mpmc_phy_if_0/u_phy_io_0/delayed_dqs<6>"
|-------|-------------|------|-----|----|--------|--------|-------|-------|-------|------|------|-----|------|----------------------------------------------




######################################################################################
# REGIONAL CLOCKING RESOURCE DISTRIBUTION UCF REPORT:
#
# Number of Regional Clocking Regions in the device: 16  (4 clock spines in each)
# Number of Regional Clock Networks used in this design: 8 (each network can be
# composed of up to 3 clock spines and cover up to 3 regional clock regions)
# 
######################################################################################

# IO-Clock "DDR2_SDRAM/DDR2_SDRAM/mpmc_core_0/gen_v5_ddr2_phy.mpmc_phy_if_0/u_phy_io_0/delayed_dqs<7>" driven by
"BUFIO_X0Y27"
INST "DDR2_SDRAM/DDR2_SDRAM/mpmc_core_0/gen_v5_ddr2_phy.mpmc_phy_if_0/u_phy_io_0/gen_dqs[7].u_iob_dqs/u_bufio_dqs" LOC =
"BUFIO_X0Y27" ;
NET "DDR2_SDRAM/DDR2_SDRAM/mpmc_core_0/gen_v5_ddr2_phy.mpmc_phy_if_0/u_phy_io_0/delayed_dqs<7>" TNM_NET =
"TN_DDR2_SDRAM/DDR2_SDRAM/mpmc_core_0/gen_v5_ddr2_phy.mpmc_phy_if_0/u_phy_io_0/delayed_dqs<7>" ;
TIMEGRP "TN_DDR2_SDRAM/DDR2_SDRAM/mpmc_core_0/gen_v5_ddr2_phy.mpmc_phy_if_0/u_phy_io_0/delayed_dqs<7>" AREA_GROUP =
"CLKAG_DDR2_SDRAM/DDR2_SDRAM/mpmc_core_0/gen_v5_ddr2_phy.mpmc_phy_if_0/u_phy_io_0/delayed_dqs<7>" ;
AREA_GROUP "CLKAG_DDR2_SDRAM/DDR2_SDRAM/mpmc_core_0/gen_v5_ddr2_phy.mpmc_phy_if_0/u_phy_io_0/delayed_dqs<7>" RANGE =
CLOCKREGION_X0Y6;


# IO-Clock "DDR2_SDRAM/DDR2_SDRAM/mpmc_core_0/gen_v5_ddr2_phy.mpmc_phy_if_0/u_phy_io_0/delayed_dqs<0>" driven by
"BUFIO_X0Y9"
INST "DDR2_SDRAM/DDR2_SDRAM/mpmc_core_0/gen_v5_ddr2_phy.mpmc_phy_if_0/u_phy_io_0/gen_dqs[0].u_iob_dqs/u_bufio_dqs" LOC =
"BUFIO_X0Y9" ;
NET "DDR2_SDRAM/DDR2_SDRAM/mpmc_core_0/gen_v5_ddr2_phy.mpmc_phy_if_0/u_phy_io_0/delayed_dqs<0>" TNM_NET =
"TN_DDR2_SDRAM/DDR2_SDRAM/mpmc_core_0/gen_v5_ddr2_phy.mpmc_phy_if_0/u_phy_io_0/delayed_dqs<0>" ;
TIMEGRP "TN_DDR2_SDRAM/DDR2_SDRAM/mpmc_core_0/gen_v5_ddr2_phy.mpmc_phy_if_0/u_phy_io_0/delayed_dqs<0>" AREA_GROUP =
"CLKAG_DDR2_SDRAM/DDR2_SDRAM/mpmc_core_0/gen_v5_ddr2_phy.mpmc_phy_if_0/u_phy_io_0/delayed_dqs<0>" ;
AREA_GROUP "CLKAG_DDR2_SDRAM/DDR2_SDRAM/mpmc_core_0/gen_v5_ddr2_phy.mpmc_phy_if_0/u_phy_io_0/delayed_dqs<0>" RANGE =
CLOCKREGION_X0Y2;


# IO-Clock "DDR2_SDRAM/DDR2_SDRAM/mpmc_core_0/gen_v5_ddr2_phy.mpmc_phy_if_0/u_phy_io_0/delayed_dqs<4>" driven by
"BUFIO_X0Y11"
INST "DDR2_SDRAM/DDR2_SDRAM/mpmc_core_0/gen_v5_ddr2_phy.mpmc_phy_if_0/u_phy_io_0/gen_dqs[4].u_iob_dqs/u_bufio_dqs" LOC =
"BUFIO_X0Y11" ;
NET "DDR2_SDRAM/DDR2_SDRAM/mpmc_core_0/gen_v5_ddr2_phy.mpmc_phy_if_0/u_phy_io_0/delayed_dqs<4>" TNM_NET =
"TN_DDR2_SDRAM/DDR2_SDRAM/mpmc_core_0/gen_v5_ddr2_phy.mpmc_phy_if_0/u_phy_io_0/delayed_dqs<4>" ;
TIMEGRP "TN_DDR2_SDRAM/DDR2_SDRAM/mpmc_core_0/gen_v5_ddr2_phy.mpmc_phy_if_0/u_phy_io_0/delayed_dqs<4>" AREA_GROUP =
"CLKAG_DDR2_SDRAM/DDR2_SDRAM/mpmc_core_0/gen_v5_ddr2_phy.mpmc_phy_if_0/u_phy_io_0/delayed_dqs<4>" ;
AREA_GROUP "CLKAG_DDR2_SDRAM/DDR2_SDRAM/mpmc_core_0/gen_v5_ddr2_phy.mpmc_phy_if_0/u_phy_io_0/delayed_dqs<4>" RANGE =
CLOCKREGION_X0Y2;


# IO-Clock "DDR2_SDRAM/DDR2_SDRAM/mpmc_core_0/gen_v5_ddr2_phy.mpmc_phy_if_0/u_phy_io_0/delayed_dqs<1>" driven by
"BUFIO_X0Y4"
INST "DDR2_SDRAM/DDR2_SDRAM/mpmc_core_0/gen_v5_ddr2_phy.mpmc_phy_if_0/u_phy_io_0/gen_dqs[1].u_iob_dqs/u_bufio_dqs" LOC =
"BUFIO_X0Y4" ;
NET "DDR2_SDRAM/DDR2_SDRAM/mpmc_core_0/gen_v5_ddr2_phy.mpmc_phy_if_0/u_phy_io_0/delayed_dqs<1>" TNM_NET =
"TN_DDR2_SDRAM/DDR2_SDRAM/mpmc_core_0/gen_v5_ddr2_phy.mpmc_phy_if_0/u_phy_io_0/delayed_dqs<1>" ;
TIMEGRP "TN_DDR2_SDRAM/DDR2_SDRAM/mpmc_core_0/gen_v5_ddr2_phy.mpmc_phy_if_0/u_phy_io_0/delayed_dqs<1>" AREA_GROUP =
"CLKAG_DDR2_SDRAM/DDR2_SDRAM/mpmc_core_0/gen_v5_ddr2_phy.mpmc_phy_if_0/u_phy_io_0/delayed_dqs<1>" ;
AREA_GROUP "CLKAG_DDR2_SDRAM/DDR2_SDRAM/mpmc_core_0/gen_v5_ddr2_phy.mpmc_phy_if_0/u_phy_io_0/delayed_dqs<1>" RANGE =
CLOCKREGION_X0Y1;


# IO-Clock "DDR2_SDRAM/DDR2_SDRAM/mpmc_core_0/gen_v5_ddr2_phy.mpmc_phy_if_0/u_phy_io_0/delayed_dqs<5>" driven by
"BUFIO_X0Y25"
INST "DDR2_SDRAM/DDR2_SDRAM/mpmc_core_0/gen_v5_ddr2_phy.mpmc_phy_if_0/u_phy_io_0/gen_dqs[5].u_iob_dqs/u_bufio_dqs" LOC =
"BUFIO_X0Y25" ;
NET "DDR2_SDRAM/DDR2_SDRAM/mpmc_core_0/gen_v5_ddr2_phy.mpmc_phy_if_0/u_phy_io_0/delayed_dqs<5>" TNM_NET =
"TN_DDR2_SDRAM/DDR2_SDRAM/mpmc_core_0/gen_v5_ddr2_phy.mpmc_phy_if_0/u_phy_io_0/delayed_dqs<5>" ;
TIMEGRP "TN_DDR2_SDRAM/DDR2_SDRAM/mpmc_core_0/gen_v5_ddr2_phy.mpmc_phy_if_0/u_phy_io_0/delayed_dqs<5>" AREA_GROUP =
"CLKAG_DDR2_SDRAM/DDR2_SDRAM/mpmc_core_0/gen_v5_ddr2_phy.mpmc_phy_if_0/u_phy_io_0/delayed_dqs<5>" ;
AREA_GROUP "CLKAG_DDR2_SDRAM/DDR2_SDRAM/mpmc_core_0/gen_v5_ddr2_phy.mpmc_phy_if_0/u_phy_io_0/delayed_dqs<5>" RANGE =
CLOCKREGION_X0Y6;


# IO-Clock "DDR2_SDRAM/DDR2_SDRAM/mpmc_core_0/gen_v5_ddr2_phy.mpmc_phy_if_0/u_phy_io_0/delayed_dqs<2>" driven by
"BUFIO_X0Y7"
INST "DDR2_SDRAM/DDR2_SDRAM/mpmc_core_0/gen_v5_ddr2_phy.mpmc_phy_if_0/u_phy_io_0/gen_dqs[2].u_iob_dqs/u_bufio_dqs" LOC =
"BUFIO_X0Y7" ;
NET "DDR2_SDRAM/DDR2_SDRAM/mpmc_core_0/gen_v5_ddr2_phy.mpmc_phy_if_0/u_phy_io_0/delayed_dqs<2>" TNM_NET =
"TN_DDR2_SDRAM/DDR2_SDRAM/mpmc_core_0/gen_v5_ddr2_phy.mpmc_phy_if_0/u_phy_io_0/delayed_dqs<2>" ;
TIMEGRP "TN_DDR2_SDRAM/DDR2_SDRAM/mpmc_core_0/gen_v5_ddr2_phy.mpmc_phy_if_0/u_phy_io_0/delayed_dqs<2>" AREA_GROUP =
"CLKAG_DDR2_SDRAM/DDR2_SDRAM/mpmc_core_0/gen_v5_ddr2_phy.mpmc_phy_if_0/u_phy_io_0/delayed_dqs<2>" ;
AREA_GROUP "CLKAG_DDR2_SDRAM/DDR2_SDRAM/mpmc_core_0/gen_v5_ddr2_phy.mpmc_phy_if_0/u_phy_io_0/delayed_dqs<2>" RANGE =
CLOCKREGION_X0Y1;


# IO-Clock "DDR2_SDRAM/DDR2_SDRAM/mpmc_core_0/gen_v5_ddr2_phy.mpmc_phy_if_0/u_phy_io_0/delayed_dqs<6>" driven by
"BUFIO_X0Y26"
INST "DDR2_SDRAM/DDR2_SDRAM/mpmc_core_0/gen_v5_ddr2_phy.mpmc_phy_if_0/u_phy_io_0/gen_dqs[6].u_iob_dqs/u_bufio_dqs" LOC =
"BUFIO_X0Y26" ;
NET "DDR2_SDRAM/DDR2_SDRAM/mpmc_core_0/gen_v5_ddr2_phy.mpmc_phy_if_0/u_phy_io_0/delayed_dqs<6>" TNM_NET =
"TN_DDR2_SDRAM/DDR2_SDRAM/mpmc_core_0/gen_v5_ddr2_phy.mpmc_phy_if_0/u_phy_io_0/delayed_dqs<6>" ;
TIMEGRP "TN_DDR2_SDRAM/DDR2_SDRAM/mpmc_core_0/gen_v5_ddr2_phy.mpmc_phy_if_0/u_phy_io_0/delayed_dqs<6>" AREA_GROUP =
"CLKAG_DDR2_SDRAM/DDR2_SDRAM/mpmc_core_0/gen_v5_ddr2_phy.mpmc_phy_if_0/u_phy_io_0/delayed_dqs<6>" ;
AREA_GROUP "CLKAG_DDR2_SDRAM/DDR2_SDRAM/mpmc_core_0/gen_v5_ddr2_phy.mpmc_phy_if_0/u_phy_io_0/delayed_dqs<6>" RANGE =
CLOCKREGION_X0Y6;


# IO-Clock "DDR2_SDRAM/DDR2_SDRAM/mpmc_core_0/gen_v5_ddr2_phy.mpmc_phy_if_0/u_phy_io_0/delayed_dqs<3>" driven by
"BUFIO_X0Y10"
INST "DDR2_SDRAM/DDR2_SDRAM/mpmc_core_0/gen_v5_ddr2_phy.mpmc_phy_if_0/u_phy_io_0/gen_dqs[3].u_iob_dqs/u_bufio_dqs" LOC =
"BUFIO_X0Y10" ;
NET "DDR2_SDRAM/DDR2_SDRAM/mpmc_core_0/gen_v5_ddr2_phy.mpmc_phy_if_0/u_phy_io_0/delayed_dqs<3>" TNM_NET =
"TN_DDR2_SDRAM/DDR2_SDRAM/mpmc_core_0/gen_v5_ddr2_phy.mpmc_phy_if_0/u_phy_io_0/delayed_dqs<3>" ;
TIMEGRP "TN_DDR2_SDRAM/DDR2_SDRAM/mpmc_core_0/gen_v5_ddr2_phy.mpmc_phy_if_0/u_phy_io_0/delayed_dqs<3>" AREA_GROUP =
"CLKAG_DDR2_SDRAM/DDR2_SDRAM/mpmc_core_0/gen_v5_ddr2_phy.mpmc_phy_if_0/u_phy_io_0/delayed_dqs<3>" ;
AREA_GROUP "CLKAG_DDR2_SDRAM/DDR2_SDRAM/mpmc_core_0/gen_v5_ddr2_phy.mpmc_phy_if_0/u_phy_io_0/delayed_dqs<3>" RANGE =
CLOCKREGION_X0Y2;


Phase 7.2  Initial Clock and IO Placement (Checksum:ac6265d4) REAL time: 1 mins 27 secs 

Phase 8.36  Local Placement Optimization
Phase 8.36  Local Placement Optimization (Checksum:ac6265d4) REAL time: 1 mins 27 secs 

Phase 9.30  Global Clock Region Assignment
Phase 9.30  Global Clock Region Assignment (Checksum:ac6265d4) REAL time: 1 mins 27 secs 

Phase 10.3  Local Placement Optimization
Phase 10.3  Local Placement Optimization (Checksum:ac6265d4) REAL time: 1 mins 27 secs 

Phase 11.5  Local Placement Optimization
Phase 11.5  Local Placement Optimization (Checksum:ac6265d4) REAL time: 1 mins 28 secs 

Phase 12.8  Global Placement
...................................
...........................................................................................................................
........................................................................................
......................................................................................................................
..........................................................................................
....................................................................
................
Phase 12.8  Global Placement (Checksum:192325c) REAL time: 2 mins 43 secs 

Phase 13.29  Local Placement Optimization
Phase 13.29  Local Placement Optimization (Checksum:192325c) REAL time: 2 mins 43 secs 

Phase 14.5  Local Placement Optimization
Phase 14.5  Local Placement Optimization (Checksum:192325c) REAL time: 2 mins 44 secs 

Phase 15.18  Placement Optimization
Phase 15.18  Placement Optimization (Checksum:1590c368) REAL time: 4 mins 22 secs 

Phase 16.5  Local Placement Optimization
Phase 16.5  Local Placement Optimization (Checksum:1590c368) REAL time: 4 mins 23 secs 

Phase 17.34  Placement Validation
Phase 17.34  Placement Validation (Checksum:1590c368) REAL time: 4 mins 24 secs 

Total REAL time to Placer completion: 4 mins 25 secs 
Total CPU  time to Placer completion: 4 mins 19 secs 
Running post-placement packing...
Writing output files...

Design Summary:
Number of errors:      0
Number of warnings:   38
Slice Logic Utilization:
  Number of Slice Registers:                12,521 out of  69,120   18%
    Number used as Flip Flops:              12,503
    Number used as Latch-thrus:                 18
  Number of Slice LUTs:                     12,171 out of  69,120   17%
    Number used as logic:                   11,729 out of  69,120   16%
      Number using O6 output only:          11,217
      Number using O5 output only:             134
      Number using O5 and O6:                  378
    Number used as Memory:                     422 out of  17,920    2%
      Number used as Dual Port RAM:             64
        Number using O5 and O6:                 64
      Number used as Shift Register:           358
        Number using O6 output only:           325
        Number using O5 output only:             1
        Number using O5 and O6:                 32
    Number used as exclusive route-thru:        20
  Number of route-thrus:                       180
    Number using O6 output only:               150
    Number using O5 output only:                26
    Number using O5 and O6:                      4

Slice Logic Distribution:
  Number of occupied Slices:                 5,402 out of  17,280   31%
  Number of LUT Flip Flop pairs used:       16,479
    Number with an unused Flip Flop:         3,958 out of  16,479   24%
    Number with an unused LUT:               4,308 out of  16,479   26%
    Number of fully used LUT-FF pairs:       8,213 out of  16,479   49%
    Number of unique control sets:             719
    Number of slice register sites lost
      to control set restrictions:           1,371 out of  69,120    1%

  A LUT Flip Flop pair for this architecture represents one LUT paired with
  one Flip Flop within a slice.  A control set is a unique combination of
  clock, reset, set, and enable signals for a registered element.
  The Slice Logic Distribution report is not meaningful if the design is
  over-mapped for a non-slice resource or if Placement fails.
  OVERMAPPING of BRAM resources should be ignored if the design is
  over-mapped for a non-BRAM resource or if placement fails.

IO Utilization:
  Number of bonded IOBs:                       122 out of     640   19%
    Number of LOCed IOBs:                      122 out of     122  100%
    IOB Flip Flops:                            273

Specific Feature Utilization:
  Number of BlockRAM/FIFO:                      18 out of     148   12%
    Number using BlockRAM only:                 18
    Total primitives used:
      Number of 36k BlockRAM used:              18
    Total Memory used (KB):                    648 out of   5,328   12%
  Number of BUFG/BUFGCTRLs:                      5 out of      32   15%
    Number used as BUFGs:                        5
  Number of IDELAYCTRLs:                         3 out of      22   13%
  Number of BSCANs:                              1 out of       4   25%
  Number of BUFIOs:                              8 out of      80   10%
  Number of DSP48Es:                             5 out of      64    7%
  Number of PLL_ADVs:                            1 out of       6   16%

Average Fanout of Non-Clock Nets:                3.87

Peak Memory Usage:  596 MB
Total REAL time to MAP completion:  4 mins 37 secs 
Total CPU time to MAP completion:   4 mins 31 secs 

Mapping completed.
See MAP report file "system_map.mrp" for details.



#----------------------------------------------#
# Starting program par
# par -w -ol high system_map.ncd system.ncd system.pcf 
#----------------------------------------------#
Release 13.2 - par O.61xd (nt)
Copyright (c) 1995-2011 Xilinx, Inc.  All rights reserved.
PMSPEC -- Overriding Xilinx file <C:/Xilinx/13.2/ISE_DS/EDK/data/parBmgr.acd> with local file
<C:/Xilinx/13.2/ISE_DS/ISE/data/parBmgr.acd>



Constraints file: system.pcf.
Loading device for application Rf_Device from file '5vlx110t.nph' in environment
C:\Xilinx\13.2\ISE_DS\ISE\;C:\Xilinx\13.2\ISE_DS\EDK.
   "system" is an NCD, version 3.2, device xc5vlx110t, package ff1136, speed -1
vvvvvvvvvvvvvvvvvvvvvvvvvvvvvvvvvvvvvvvvvvvvvvvvvvvvvvvvvvvvvvvvvvvvvv
INFO:Security:51 - The XILINXD_LICENSE_FILE environment variable is not set.
INFO:Security:52 - The LM_LICENSE_FILE environment variable is set to '27002@10.107.90.12;27000@10.107.90.15'.
INFO:Security:56 - Part 'xc5vlx110t' is not a WebPack part.
WARNING:Security:43 - No license file was found in the standard Xilinx license directory.
WARNING:Security:44 - No license file was found.
       Please run the Xilinx License Configuration Manager
       (xlcm or "Manage Xilinx Licenses")
       to assist in obtaining a license.
WARNING:Security:42 - Your software subscription period has lapsed. Your current version of Xilinx tools will continue
to function, but you no longer qualify for Xilinx software updates or new releases.

----------------------------------------------------------------------

Initializing temperature to 85.000 Celsius. (default - Range: 0.000 to 85.000 Celsius)
Initializing voltage to 0.950 Volts. (default - Range: 0.950 to 1.050 Volts)


Device speed data version:  "PRODUCTION 1.73 2011-06-20".



Device Utilization Summary:

   Number of BSCANs                          1 out of 4      25%
   Number of BUFGs                           5 out of 32     15%
   Number of BUFIOs                          8 out of 80     10%
   Number of DSP48Es                         5 out of 64      7%
   Number of IDELAYCTRLs                     3 out of 22     13%
      Number of LOCed IDELAYCTRLs            3 out of 3     100%

   Number of ILOGICs                        75 out of 800     9%
      Number of LOCed ILOGICs                8 out of 75     10%

   Number of External IOBs                 122 out of 640    19%
      Number of LOCed IOBs                 122 out of 122   100%

   Number of IODELAYs                       80 out of 800    10%
      Number of LOCed IODELAYs               8 out of 80     10%

   Number of OLOGICs                       118 out of 800    14%
   Number of PLL_ADVs                        1 out of 6      16%
   Number of RAMB36_EXPs                    18 out of 148    12%
   Number of Slices                       5402 out of 17280  31%
   Number of Slice Registers             12521 out of 69120  18%
      Number used as Flip Flops          12503
      Number used as Latches                 0
      Number used as LatchThrus             18

   Number of Slice LUTS                  12171 out of 69120  17%
   Number of Slice LUT-Flip Flop pairs   16479 out of 69120  23%


Overall effort level (-ol):   High 
Router effort level (-rl):    High 

INFO:Timing:3386 - Intersecting Constraints found and resolved.  For more information, see the TSI report.  Please
   consult the Xilinx Command Line Tools User Guide for information on generating a TSI report.
Starting initial Timing Analysis.  REAL time: 23 secs 
Finished initial Timing Analysis.  REAL time: 24 secs 

WARNING:Par:288 - The signal dlmb_LMB_ABus<30> has no load.  PAR will not attempt to route this signal.
WARNING:Par:288 - The signal dlmb_LMB_ABus<31> has no load.  PAR will not attempt to route this signal.
Starting Router


Phase  1  : 73996 unrouted;      REAL time: 26 secs 
INFO:Route:538 - One or more MIG cores have been detected in your design and have been successfully
   placed and routed. These MIG core(s) have critical skew and delay requirements 
   that are independent of the user (UCF) timing constraints. These MIG-related timing 
   constraints have been successfully met in this design. However, the user must verify
   separately that all timing constraints specified in the UCF file have been met.


Phase  2  : 65633 unrouted;      REAL time: 30 secs 

Phase  3  : 26948 unrouted;      REAL time: 49 secs 

Phase  4  : 26825 unrouted; (Setup:0, Hold:795, Component Switching Limit:0)     REAL time: 58 secs 

Updating file: system.ncd with current fully routed design.

Phase  5  : 0 unrouted; (Setup:0, Hold:801, Component Switching Limit:0)     REAL time: 1 mins 16 secs 

Phase  6  : 0 unrouted; (Setup:0, Hold:801, Component Switching Limit:0)     REAL time: 1 mins 16 secs 

Phase  7  : 0 unrouted; (Setup:0, Hold:801, Component Switching Limit:0)     REAL time: 1 mins 16 secs 

Phase  8  : 0 unrouted; (Setup:0, Hold:801, Component Switching Limit:0)     REAL time: 1 mins 16 secs 
PINBOUNCE(-79703,-23880) 
Phase  9  : 0 unrouted; (Setup:0, Hold:0, Component Switching Limit:0)     REAL time: 1 mins 17 secs 

Phase 10  : 0 unrouted; (Setup:0, Hold:0, Component Switching Limit:0)     REAL time: 1 mins 21 secs 
Total REAL time to Router completion: 1 mins 21 secs 
Total CPU time to Router completion: 1 mins 25 secs 

Partition Implementation Status
-------------------------------

  No Partitions were found in this design.

-------------------------------

Generating "PAR" statistics.

**************************
Generating Clock Report
**************************

+---------------------+--------------+------+------+------------+-------------+
|        Clock Net    |   Resource   |Locked|Fanout|Net Skew(ns)|Max Delay(ns)|
+---------------------+--------------+------+------+------------+-------------+
| clk_125_0000MHzPLL0 | BUFGCTRL_X0Y1| No   | 3896 |  0.588     |  2.126      |
+---------------------+--------------+------+------+------------+-------------+
|  clk_62_5000MHzPLL0 | BUFGCTRL_X0Y3| No   |  470 |  0.346     |  2.075      |
+---------------------+--------------+------+------+------------+-------------+
|clk_125_0000MHz90PLL |              |      |      |            |             |
|                   0 | BUFGCTRL_X0Y0| No   |  160 |  0.255     |  2.046      |
+---------------------+--------------+------+------+------------+-------------+
|     mdm_0/Dbg_Clk_1 |BUFGCTRL_X0Y31| No   |   74 |  0.394     |  1.931      |
+---------------------+--------------+------+------+------------+-------------+
|DDR2_SDRAM/DDR2_SDRA |              |      |      |            |             |
|M/mpmc_core_0/gen_v5 |              |      |      |            |             |
|_ddr2_phy.mpmc_phy_i |              |      |      |            |             |
|f_0/u_phy_io_0/delay |              |      |      |            |             |
|           ed_dqs<0> |        IO Clk| No   |   17 |  0.095     |  0.419      |
+---------------------+--------------+------+------+------------+-------------+
|DDR2_SDRAM/DDR2_SDRA |              |      |      |            |             |
|M/mpmc_core_0/gen_v5 |              |      |      |            |             |
|_ddr2_phy.mpmc_phy_i |              |      |      |            |             |
|f_0/u_phy_io_0/delay |              |      |      |            |             |
|           ed_dqs<1> |        IO Clk| No   |   17 |  0.083     |  0.380      |
+---------------------+--------------+------+------+------------+-------------+
|DDR2_SDRAM/DDR2_SDRA |              |      |      |            |             |
|M/mpmc_core_0/gen_v5 |              |      |      |            |             |
|_ddr2_phy.mpmc_phy_i |              |      |      |            |             |
|f_0/u_phy_io_0/delay |              |      |      |            |             |
|           ed_dqs<2> |        IO Clk| No   |   17 |  0.101     |  0.425      |
+---------------------+--------------+------+------+------------+-------------+
|DDR2_SDRAM/DDR2_SDRA |              |      |      |            |             |
|M/mpmc_core_0/gen_v5 |              |      |      |            |             |
|_ddr2_phy.mpmc_phy_i |              |      |      |            |             |
|f_0/u_phy_io_0/delay |              |      |      |            |             |
|           ed_dqs<3> |        IO Clk| No   |   17 |  0.107     |  0.404      |
+---------------------+--------------+------+------+------------+-------------+
|DDR2_SDRAM/DDR2_SDRA |              |      |      |            |             |
|M/mpmc_core_0/gen_v5 |              |      |      |            |             |
|_ddr2_phy.mpmc_phy_i |              |      |      |            |             |
|f_0/u_phy_io_0/delay |              |      |      |            |             |
|           ed_dqs<5> |        IO Clk| No   |   17 |  0.101     |  0.425      |
+---------------------+--------------+------+------+------------+-------------+
|DDR2_SDRAM/DDR2_SDRA |              |      |      |            |             |
|M/mpmc_core_0/gen_v5 |              |      |      |            |             |
|_ddr2_phy.mpmc_phy_i |              |      |      |            |             |
|f_0/u_phy_io_0/delay |              |      |      |            |             |
|           ed_dqs<4> |        IO Clk| No   |   17 |  0.101     |  0.425      |
+---------------------+--------------+------+------+------------+-------------+
|DDR2_SDRAM/DDR2_SDRA |              |      |      |            |             |
|M/mpmc_core_0/gen_v5 |              |      |      |            |             |
|_ddr2_phy.mpmc_phy_i |              |      |      |            |             |
|f_0/u_phy_io_0/delay |              |      |      |            |             |
|           ed_dqs<6> |        IO Clk| No   |   17 |  0.096     |  0.393      |
+---------------------+--------------+------+------+------------+-------------+
|DDR2_SDRAM/DDR2_SDRA |              |      |      |            |             |
|M/mpmc_core_0/gen_v5 |              |      |      |            |             |
|_ddr2_phy.mpmc_phy_i |              |      |      |            |             |
|f_0/u_phy_io_0/delay |              |      |      |            |             |
|           ed_dqs<7> |        IO Clk| No   |   17 |  0.101     |  0.425      |
+---------------------+--------------+------+------+------------+-------------+
|     clk_200_0000MHz | BUFGCTRL_X0Y2| No   |    3 |  0.077     |  1.896      |
+---------------------+--------------+------+------+------------+-------------+
|  mdm_0/Dbg_Update_1 |         Local|      |   21 |  3.049     |  3.984      |
+---------------------+--------------+------+------+------------+-------------+

* Net Skew is the difference between the minimum and maximum routing
only delays for the net. Note this is different from Clock Skew which
is reported in TRCE timing report. Clock Skew is the difference between
the minimum and maximum path delays which includes logic delays.

* The fanout is the number of component pins not the individual BEL loads,
for example SLICE loads not FF loads.

Timing Score: 0 (Setup: 0, Hold: 0, Component Switching Limit: 0)

Number of Timing Constraints that were not applied: 3

Asterisk (*) preceding a constraint indicates it was not met.
   This may be due to a setup or hold violation.

----------------------------------------------------------------------------------------------------------
  Constraint                                |    Check    | Worst Case |  Best Case | Timing |   Timing   
                                            |             |    Slack   | Achievable | Errors |    Score   
----------------------------------------------------------------------------------------------------------
  NET         "DDR2_SDRAM/DDR2_SDRAM/mpmc_c | MAXDELAY    |     0.012ns|     0.838ns|       0|           0
  ore_0/gen_v5_ddr2_phy.mpmc_phy_if_0/u_phy |             |            |            |        |            
  _io_0/gen_dqs[4].u_iob_dqs/en_dqs_sync"   |             |            |            |        |            
         MAXDELAY = 0.85 ns                 |             |            |            |        |            
----------------------------------------------------------------------------------------------------------
  TS_DQ_CE = MAXDELAY FROM TIMEGRP "TNM_DQ_ | SETUP       |     0.035ns|     1.865ns|       0|           0
  CE_IDDR" TO TIMEGRP "TNM_DQS_FLOPS"       | HOLD        |     0.998ns|            |       0|           0
     1.9 ns                                 |             |            |            |        |            
----------------------------------------------------------------------------------------------------------
  TS_clock_generator_0_clock_generator_0_SI | SETUP       |     0.041ns|     7.959ns|       0|           0
  G_PLL0_CLKOUT1 = PERIOD TIMEGRP         " | HOLD        |     0.003ns|            |       0|           0
  clock_generator_0_clock_generator_0_SIG_P |             |            |            |        |            
  LL0_CLKOUT1" TS_sys_clk_pin         * 1.2 |             |            |            |        |            
  5 HIGH 50%                                |             |            |            |        |            
----------------------------------------------------------------------------------------------------------
  NET         "DDR2_SDRAM/DDR2_SDRAM/mpmc_c | MAXDELAY    |     0.045ns|     0.805ns|       0|           0
  ore_0/gen_v5_ddr2_phy.mpmc_phy_if_0/u_phy |             |            |            |        |            
  _io_0/gen_dqs[0].u_iob_dqs/en_dqs_sync"   |             |            |            |        |            
         MAXDELAY = 0.85 ns                 |             |            |            |        |            
----------------------------------------------------------------------------------------------------------
  NET         "DDR2_SDRAM/DDR2_SDRAM/mpmc_c | MAXDELAY    |     0.045ns|     0.805ns|       0|           0
  ore_0/gen_v5_ddr2_phy.mpmc_phy_if_0/u_phy |             |            |            |        |            
  _io_0/gen_dqs[5].u_iob_dqs/en_dqs_sync"   |             |            |            |        |            
         MAXDELAY = 0.85 ns                 |             |            |            |        |            
----------------------------------------------------------------------------------------------------------
  NET         "DDR2_SDRAM/DDR2_SDRAM/mpmc_c | MAXDELAY    |     0.045ns|     0.805ns|       0|           0
  ore_0/gen_v5_ddr2_phy.mpmc_phy_if_0/u_phy |             |            |            |        |            
  _io_0/gen_dqs[1].u_iob_dqs/en_dqs_sync"   |             |            |            |        |            
         MAXDELAY = 0.85 ns                 |             |            |            |        |            
----------------------------------------------------------------------------------------------------------
  NET         "DDR2_SDRAM/DDR2_SDRAM/mpmc_c | MAXDELAY    |     0.047ns|     0.803ns|       0|           0
  ore_0/gen_v5_ddr2_phy.mpmc_phy_if_0/u_phy |             |            |            |        |            
  _io_0/gen_dqs[7].u_iob_dqs/en_dqs_sync"   |             |            |            |        |            
         MAXDELAY = 0.85 ns                 |             |            |            |        |            
----------------------------------------------------------------------------------------------------------
  NET         "DDR2_SDRAM/DDR2_SDRAM/mpmc_c | MAXDELAY    |     0.047ns|     0.803ns|       0|           0
  ore_0/gen_v5_ddr2_phy.mpmc_phy_if_0/u_phy |             |            |            |        |            
  _io_0/gen_dqs[6].u_iob_dqs/en_dqs_sync"   |             |            |            |        |            
         MAXDELAY = 0.85 ns                 |             |            |            |        |            
----------------------------------------------------------------------------------------------------------
  NET         "DDR2_SDRAM/DDR2_SDRAM/mpmc_c | MAXDELAY    |     0.047ns|     0.803ns|       0|           0
  ore_0/gen_v5_ddr2_phy.mpmc_phy_if_0/u_phy |             |            |            |        |            
  _io_0/gen_dqs[3].u_iob_dqs/en_dqs_sync"   |             |            |            |        |            
         MAXDELAY = 0.85 ns                 |             |            |            |        |            
----------------------------------------------------------------------------------------------------------
  NET         "DDR2_SDRAM/DDR2_SDRAM/mpmc_c | MAXDELAY    |     0.047ns|     0.803ns|       0|           0
  ore_0/gen_v5_ddr2_phy.mpmc_phy_if_0/u_phy |             |            |            |        |            
  _io_0/gen_dqs[2].u_iob_dqs/en_dqs_sync"   |             |            |            |        |            
         MAXDELAY = 0.85 ns                 |             |            |            |        |            
----------------------------------------------------------------------------------------------------------
  NET         "DDR2_SDRAM/DDR2_SDRAM/mpmc_c | MAXDELAY    |     0.069ns|     0.531ns|       0|           0
  ore_0/gen_v5_ddr2_phy.mpmc_phy_if_0/u_phy |             |            |            |        |            
  _io_0/en_dqs<6>"         MAXDELAY = 0.6 n |             |            |            |        |            
  s                                         |             |            |            |        |            
----------------------------------------------------------------------------------------------------------
  NET         "DDR2_SDRAM/DDR2_SDRAM/mpmc_c | MAXDELAY    |     0.069ns|     0.531ns|       0|           0
  ore_0/gen_v5_ddr2_phy.mpmc_phy_if_0/u_phy |             |            |            |        |            
  _io_0/en_dqs<4>"         MAXDELAY = 0.6 n |             |            |            |        |            
  s                                         |             |            |            |        |            
----------------------------------------------------------------------------------------------------------
  NET         "DDR2_SDRAM/DDR2_SDRAM/mpmc_c | MAXDELAY    |     0.069ns|     0.531ns|       0|           0
  ore_0/gen_v5_ddr2_phy.mpmc_phy_if_0/u_phy |             |            |            |        |            
  _io_0/en_dqs<3>"         MAXDELAY = 0.6 n |             |            |            |        |            
  s                                         |             |            |            |        |            
----------------------------------------------------------------------------------------------------------
  NET         "DDR2_SDRAM/DDR2_SDRAM/mpmc_c | MAXDELAY    |     0.069ns|     0.531ns|       0|           0
  ore_0/gen_v5_ddr2_phy.mpmc_phy_if_0/u_phy |             |            |            |        |            
  _io_0/en_dqs<0>"         MAXDELAY = 0.6 n |             |            |            |        |            
  s                                         |             |            |            |        |            
----------------------------------------------------------------------------------------------------------
  NET         "DDR2_SDRAM/DDR2_SDRAM/mpmc_c | MAXDELAY    |     0.072ns|     0.528ns|       0|           0
  ore_0/gen_v5_ddr2_phy.mpmc_phy_if_0/u_phy |             |            |            |        |            
  _io_0/en_dqs<1>"         MAXDELAY = 0.6 n |             |            |            |        |            
  s                                         |             |            |            |        |            
----------------------------------------------------------------------------------------------------------
  NET         "DDR2_SDRAM/DDR2_SDRAM/mpmc_c | MAXDELAY    |     0.078ns|     0.522ns|       0|           0
  ore_0/gen_v5_ddr2_phy.mpmc_phy_if_0/u_phy |             |            |            |        |            
  _io_0/en_dqs<2>"         MAXDELAY = 0.6 n |             |            |            |        |            
  s                                         |             |            |            |        |            
----------------------------------------------------------------------------------------------------------
  NET         "DDR2_SDRAM/DDR2_SDRAM/mpmc_c | MAXDELAY    |     0.078ns|     0.522ns|       0|           0
  ore_0/gen_v5_ddr2_phy.mpmc_phy_if_0/u_phy |             |            |            |        |            
  _io_0/en_dqs<5>"         MAXDELAY = 0.6 n |             |            |            |        |            
  s                                         |             |            |            |        |            
----------------------------------------------------------------------------------------------------------
  NET         "DDR2_SDRAM/DDR2_SDRAM/mpmc_c | MAXDELAY    |     0.078ns|     0.522ns|       0|           0
  ore_0/gen_v5_ddr2_phy.mpmc_phy_if_0/u_phy |             |            |            |        |            
  _io_0/en_dqs<7>"         MAXDELAY = 0.6 n |             |            |            |        |            
  s                                         |             |            |            |        |            
----------------------------------------------------------------------------------------------------------
  TS_MC_RD_DATA_SEL = MAXDELAY FROM TIMEGRP | SETUP       |     0.936ns|     4.064ns|       0|           0
   "TNM_RD_DATA_SEL" TO TIMEGRP "FFS"       | HOLD        |     0.418ns|            |       0|           0
     TS_sys_clk_pin * 2                     |             |            |            |        |            
----------------------------------------------------------------------------------------------------------
  TS_MC_PHY_INIT_DATA_SEL_90 = MAXDELAY FRO | SETUP       |     0.952ns|     4.048ns|       0|           0
  M TIMEGRP "TNM_PHY_INIT_DATA_SEL" TO      | HOLD        |     0.021ns|            |       0|           0
      TIMEGRP "FFS" TS_sys_clk_pin * 2      |             |            |            |        |            
----------------------------------------------------------------------------------------------------------
  TS_MC_GATE_DLY = MAXDELAY FROM TIMEGRP "T | SETUP       |     0.957ns|     4.043ns|       0|           0
  NM_GATE_DLY" TO TIMEGRP "FFS"         TS_ | HOLD        |     0.171ns|            |       0|           0
  sys_clk_pin * 2                           |             |            |            |        |            
----------------------------------------------------------------------------------------------------------
  TS_clock_generator_0_clock_generator_0_SI | SETUP       |     1.963ns|     5.022ns|       0|           0
  G_PLL0_CLKOUT0 = PERIOD TIMEGRP         " | HOLD        |     0.463ns|            |       0|           0
  clock_generator_0_clock_generator_0_SIG_P |             |            |            |        |            
  LL0_CLKOUT0" TS_sys_clk_pin         * 1.2 |             |            |            |        |            
  5 PHASE 2 ns HIGH 50%                     |             |            |            |        |            
----------------------------------------------------------------------------------------------------------
  TS_clock_generator_0_clock_generator_0_SI | SETUP       |     2.706ns|    10.588ns|       0|           0
  G_PLL0_CLKOUT3 = PERIOD TIMEGRP         " | HOLD        |     0.014ns|            |       0|           0
  clock_generator_0_clock_generator_0_SIG_P |             |            |            |        |            
  LL0_CLKOUT3" TS_sys_clk_pin         * 0.6 |             |            |            |        |            
  25 HIGH 50%                               |             |            |            |        |            
----------------------------------------------------------------------------------------------------------
  TS_MC_CAL_RDEN_DLY = MAXDELAY FROM TIMEGR | SETUP       |     3.100ns|     1.900ns|       0|           0
  P "TNM_CAL_RDEN_DLY" TO TIMEGRP "FFS"     | HOLD        |     0.092ns|            |       0|           0
       TS_sys_clk_pin * 2                   |             |            |            |        |            
----------------------------------------------------------------------------------------------------------
  TS_MC_RDEN_DLY = MAXDELAY FROM TIMEGRP "T | SETUP       |     3.126ns|     1.874ns|       0|           0
  NM_RDEN_DLY" TO TIMEGRP "FFS"         TS_ | HOLD        |     0.156ns|            |       0|           0
  sys_clk_pin * 2                           |             |            |            |        |            
----------------------------------------------------------------------------------------------------------
  TS_sys_clk_pin = PERIOD TIMEGRP "sys_clk_ | MINLOWPULSE |     6.000ns|     4.000ns|       0|           0
  pin" 100 MHz HIGH 50%                     |             |            |            |        |            
----------------------------------------------------------------------------------------------------------
  TS_clock_generator_0_clock_generator_0_SI | MINPERIOD   |     3.334ns|     1.666ns|       0|           0
  G_PLL0_CLKOUT2 = PERIOD TIMEGRP         " |             |            |            |        |            
  clock_generator_0_clock_generator_0_SIG_P |             |            |            |        |            
  LL0_CLKOUT2" TS_sys_clk_pin         * 2 H |             |            |            |        |            
  IGH 50%                                   |             |            |            |        |            
----------------------------------------------------------------------------------------------------------
  TS_MC_PHY_INIT_DATA_SEL_0 = MAXDELAY FROM | N/A         |         N/A|         N/A|     N/A|         N/A
   TIMEGRP "TNM_PHY_INIT_DATA_SEL" TO       |             |            |            |        |            
     TIMEGRP "FFS" TS_sys_clk_pin * 2       |             |            |            |        |            
----------------------------------------------------------------------------------------------------------


Derived Constraint Report
Review Timing Report for more details on the following derived constraints.
To create a Timing Report, run "trce -v 12 -fastpaths -o design_timing_report design.ncd design.pcf"
or "Run Timing Analysis" from Timing Analyzer (timingan).
Derived Constraints for TS_sys_clk_pin
+-------------------------------+-------------+-------------+-------------+-------------+-------------+-------------+-------------+
|                               |   Period    |       Actual Period       |      Timing Errors        |      Paths Analyzed       |
|           Constraint          | Requirement |-------------+-------------|-------------+-------------|-------------+-------------|
|                               |             |   Direct    | Derivative  |   Direct    | Derivative  |   Direct    | Derivative  |
+-------------------------------+-------------+-------------+-------------+-------------+-------------+-------------+-------------+
|TS_sys_clk_pin                 |     10.000ns|      4.000ns|      9.949ns|            0|            0|            0|       671133|
| TS_MC_RD_DATA_SEL             |      5.000ns|      4.064ns|          N/A|            0|            0|          384|            0|
| TS_MC_PHY_INIT_DATA_SEL_0     |      5.000ns|          N/A|          N/A|            0|            0|            0|            0|
| TS_MC_PHY_INIT_DATA_SEL_90    |      5.000ns|      4.048ns|          N/A|            0|            0|           39|            0|
| TS_MC_GATE_DLY                |      5.000ns|      4.043ns|          N/A|            0|            0|           40|            0|
| TS_MC_RDEN_DLY                |      5.000ns|      1.874ns|          N/A|            0|            0|            5|            0|
| TS_MC_CAL_RDEN_DLY            |      5.000ns|      1.900ns|          N/A|            0|            0|            5|            0|
| TS_clock_generator_0_clock_gen|      8.000ns|      5.022ns|          N/A|            0|            0|          898|            0|
| erator_0_SIG_PLL0_CLKOUT0     |             |             |             |             |             |             |             |
| TS_clock_generator_0_clock_gen|      8.000ns|      7.959ns|          N/A|            0|            0|       658511|            0|
| erator_0_SIG_PLL0_CLKOUT1     |             |             |             |             |             |             |             |
| TS_clock_generator_0_clock_gen|      5.000ns|      1.666ns|          N/A|            0|            0|            0|            0|
| erator_0_SIG_PLL0_CLKOUT2     |             |             |             |             |             |             |             |
| TS_clock_generator_0_clock_gen|     16.000ns|     10.588ns|          N/A|            0|            0|        11251|            0|
| erator_0_SIG_PLL0_CLKOUT3     |             |             |             |             |             |             |             |
+-------------------------------+-------------+-------------+-------------+-------------+-------------+-------------+-------------+

All constraints were met.
INFO:Timing:2761 - N/A entries in the Constraints List may indicate that the 
   constraint is not analyzed due to the following: No paths covered by this 
   constraint; Other constraints intersect with this constraint; or This 
   constraint was disabled by a Path Tracing Control. Please run the Timespec 
   Interaction Report (TSI) via command line (trce tsi) or Timing Analyzer GUI.


Generating Pad Report.

All signals are completely routed.

WARNING:Par:283 - There are 2 loadless signals in this design. This design will cause Bitgen to issue DRC warnings.

Total REAL time to PAR completion: 1 mins 36 secs 
Total CPU time to PAR completion: 1 mins 32 secs 

Peak Memory Usage:  553 MB

Placer: Placement generated during map.
Routing: Completed - No errors found.
Timing: Completed - No errors found.

Number of error messages: 0
Number of warning messages: 4
Number of info messages: 2

Writing design to file system.ncd



PAR done!



#----------------------------------------------#
# Starting program post_par_trce
# trce -e 3 -xml system.twx system.ncd system.pcf 
#----------------------------------------------#
Release 13.2 - Trace  (nt)
Copyright (c) 1995-2011 Xilinx, Inc.  All rights reserved.


PMSPEC -- Overriding Xilinx file
<C:/Xilinx/13.2/ISE_DS/EDK/virtex5/data/virtex5.acd> with local file
<C:/Xilinx/13.2/ISE_DS/ISE/virtex5/data/virtex5.acd>
Loading device for application Rf_Device from file '5vlx110t.nph' in environment
C:\Xilinx\13.2\ISE_DS\ISE\;C:\Xilinx\13.2\ISE_DS\EDK.
   "system" is an NCD, version 3.2, device xc5vlx110t, package ff1136, speed -1
INFO:Timing:3386 - Intersecting Constraints found and resolved.  For more
   information, see the TSI report.  Please consult the Xilinx Command Line
   Tools User Guide for information on generating a TSI report.
--------------------------------------------------------------------------------
Release 13.2 Trace  (nt)
Copyright (c) 1995-2011 Xilinx, Inc.  All rights reserved.

C:\Xilinx\13.2\ISE_DS\ISE\bin\nt\unwrapped\trce.exe -e 3 -xml system.twx
system.ncd system.pcf


Design file:              system.ncd
Physical constraint file: system.pcf
Device,speed:             xc5vlx110t,-1 (PRODUCTION 1.73 2011-06-20, STEPPING
level 0)
Report level:             error report
--------------------------------------------------------------------------------

INFO:Timing:2752 - To get complete path coverage, use the unconstrained paths
   option. All paths that are not constrained will be reported in the
   unconstrained paths section(s) of the report.
INFO:Timing:3339 - The clock-to-out numbers in this timing report are based on a
   50 Ohm transmission line loading model.  For the details of this model, and
   for more information on accounting for different loading conditions, please
   see the device datasheet.


Timing summary:
---------------

Timing errors: 0  Score: 0 (Setup/Max: 0, Hold: 0)

Constraints cover 671261 paths, 16 nets, and 69134 connections

Design statistics:
   Minimum period:  10.588ns (Maximum frequency:  94.447MHz)
   Maximum path delay from/to any node:   4.064ns
   Maximum net delay:   0.838ns


Analysis completed Wed Sep 25 19:02:35 2013
--------------------------------------------------------------------------------

Generating Report ...

Number of warnings: 0
Number of info messages: 3
Total time: 31 secs 


